<?xml version="1.0" encoding="UTF-8"?>
<!-- Generated by org.testng.reporters.JUnitXMLReporter -->
<testsuite ignored="0" hostname="Janani" failures="1" tests="1" name="APITests" time="4.891" errors="0" timestamp="2026-03-26T17:13:58 IST">
  <testcase classname="test.Logintest" name="testLoginAPI" time="4.797">
    <failure type="java.lang.AssertionError" message="expected object to not be null">
      <![CDATA[java.lang.AssertionError: expected object to not be null
at test.Logintest.testLoginAPI(Logintest.java:31)
at java.base/java.util.ArrayList.forEach(ArrayList.java:1596)
... Removed 28 stack frames]]>
    </failure>
  </testcase> <!-- testLoginAPI -->
</testsuite> <!-- APITests -->
