<?xml version="1.0" encoding="UTF-8"?>
<!-- Generated by org.testng.reporters.JUnitXMLReporter -->
<testsuite ignored="0" hostname="Janani" failures="2" tests="2" name="APITests" time="5.49" errors="0" timestamp="2026-03-28T15:30:10 IST">
  <testcase classname="test.Logintest" name="testLoginAPI" time="4.679">
    <failure type="java.lang.AssertionError" message="expected object to not be null">
      <![CDATA[java.lang.AssertionError: expected object to not be null
at test.Logintest.testLoginAPI(Logintest.java:30)
at java.base/java.util.ArrayList.forEach(ArrayList.java:1596)
... Removed 28 stack frames]]>
    </failure>
  </testcase> <!-- testLoginAPI -->
  <testcase classname="test.LogoutTest" name="testLogoutAPI" time="0.663">
    <failure type="java.lang.AssertionError" message="Token should not be null after login expected object to not be null">
      <![CDATA[java.lang.AssertionError: Token should not be null after login expected object to not be null
at test.LogoutTest.doLoginAndGetToken(LogoutTest.java:31)
at test.LogoutTest.testLogoutAPI(LogoutTest.java:37)
at java.base/java.util.ArrayList.forEach(ArrayList.java:1596)
... Removed 27 stack frames]]>
    </failure>
  </testcase> <!-- testLogoutAPI -->
</testsuite> <!-- APITests -->
