<?xml version="1.0" encoding="UTF-8"?>
<testng-results ignored="0" total="1" passed="1" failed="0" skipped="0">
  <reporter-output>
  </reporter-output>
  <suite started-at="2026-03-28T16:18:09 IST" name="Default suite" finished-at="2026-03-28T16:18:13 IST" duration-ms="4853">
    <groups>
    </groups>
    <test started-at="2026-03-28T16:18:09 IST" name="Default test" finished-at="2026-03-28T16:18:13 IST" duration-ms="4853">
      <class name="test.LogoutTest">
        <test-method signature="testLogoutAPI()[pri:0, instance:test.LogoutTest@7e985ce9]" started-at="2026-03-28T16:18:09 IST" name="testLogoutAPI" finished-at="2026-03-28T16:18:13 IST" duration-ms="4723" status="PASS">
          <reporter-output>
          </reporter-output>
        </test-method> <!-- testLogoutAPI -->
      </class> <!-- test.LogoutTest -->
    </test> <!-- Default test -->
  </suite> <!-- Default suite -->
</testng-results>
