<?xml version="1.0" encoding="UTF-8"?>
<testng-results ignored="0" total="2" passed="2" failed="0" skipped="0">
  <reporter-output>
  </reporter-output>
  <suite started-at="2026-03-30T17:57:44 IST" name="APIAutomationSuite" finished-at="2026-03-30T17:57:49 IST" duration-ms="5154">
    <groups>
    </groups>
    <test started-at="2026-03-30T17:57:44 IST" name="APITests" finished-at="2026-03-30T17:57:49 IST" duration-ms="5154">
      <class name="test.Logintest">
        <test-method signature="testLoginAPI()[pri:0, instance:test.Logintest@319988b0]" started-at="2026-03-30T17:57:44 IST" name="testLoginAPI" finished-at="2026-03-30T17:57:47 IST" duration-ms="3650" status="PASS">
          <reporter-output>
          </reporter-output>
        </test-method> <!-- testLoginAPI -->
      </class> <!-- test.Logintest -->
      <class name="test.LogoutTest">
        <test-method signature="testLogoutAPI()[pri:0, instance:test.LogoutTest@1536602f]" started-at="2026-03-30T17:57:47 IST" name="testLogoutAPI" finished-at="2026-03-30T17:57:49 IST" duration-ms="1402" status="PASS">
          <reporter-output>
          </reporter-output>
        </test-method> <!-- testLogoutAPI -->
      </class> <!-- test.LogoutTest -->
    </test> <!-- APITests -->
  </suite> <!-- APIAutomationSuite -->
</testng-results>
